[21:09:45] [main/INFO] (FabricLoader/GameProvider) Loading Minecraft 1.19.4 with Fabric Loader 0.14.18
[21:09:46] [main/INFO] (FabricLoader) Loading 48 mods:
	- devlogin 3.1
	- fabric-api 0.76.0+1.19.4
	- fabric-api-base 0.4.23+9ff28bcef4
	- fabric-api-lookup-api-v1 1.6.24+49abcf7ef4
	- fabric-biome-api-v1 13.0.6+348a9c64f4
	- fabric-block-api-v1 1.0.5+e022e5d1f4
	- fabric-blockrenderlayer-v1 1.1.33+c2e6f674f4
	- fabric-client-tags-api-v1 1.0.14+1134c5b8f4
	- fabric-command-api-v2 2.2.4+ae0966baf4
	- fabric-content-registries-v0 3.5.7+ae0966baf4
	- fabric-convention-tags-v1 1.4.0+9a7c5daaf4
	- fabric-crash-report-info-v1 0.2.14+aeb40ebef4
	- fabric-data-generation-api-v1 11.3.5+5da15ca1f4
	- fabric-dimensions-v1 2.1.44+7f87f8faf4
	- fabric-entity-events-v1 1.5.12+e45f7c65f4
	- fabric-events-interaction-v0 0.4.42+a1ccd7bff4
	- fabric-game-rule-api-v1 1.0.32+a1ccd7bff4
	- fabric-gametest-api-v1 1.2.2+ae0966baf4
	- fabric-item-api-v1 2.1.16+09a3510cf4
	- fabric-item-group-api-v1 3.0.3+043f9acff4
	- fabric-key-binding-api-v1 1.0.32+c477957ef4
	- fabric-lifecycle-events-v1 2.2.14+5da15ca1f4
	- fabric-loot-api-v2 1.1.25+75e98211f4
	- fabric-message-api-v1 5.1.0+1ee8be40f4
	- fabric-mining-level-api-v1 2.1.37+49abcf7ef4
	- fabric-models-v0 0.3.29+11ba9c3bf4
	- fabric-networking-api-v1 1.2.22+ca5f59aaf4
	- fabric-object-builder-api-v1 7.0.1+63b515f4f4
	- fabric-particles-v1 1.0.22+f1e4495bf4
	- fabric-recipe-api-v1 1.0.6+a1ccd7bff4
	- fabric-registry-sync-v0 2.1.2+a383ab97f4
	- fabric-renderer-api-v1 2.2.4+81e8c576f4
	- fabric-renderer-indigo 1.1.0+81e8c576f4
	- fabric-rendering-data-attachment-v1 0.3.27+afca2f3ef4
	- fabric-rendering-fluids-v1 3.0.20+f1e4495bf4
	- fabric-rendering-v1 2.1.0+8f878217f4
	- fabric-resource-conditions-api-v1 2.3.0+e6c7d4eef4
	- fabric-resource-loader-v0 0.11.0+938a1d56f4
	- fabric-screen-api-v1 1.0.44+8c25edb4f4
	- fabric-screen-handler-api-v1 1.3.18+5da15ca1f4
	- fabric-sound-api-v1 1.0.8+75e98211f4
	- fabric-transfer-api-v1 3.0.1+9003cbe9f4
	- fabric-transitive-access-wideners-v1 3.0.2+63b515f4f4
	- fabricloader 0.14.18
	- java 17
	- minecraft 1.19.4
	- myron 1.7.0+9
	- witchery2 1.0
[21:09:46] [main/INFO] (FabricLoader/Mixin) SpongePowered MIXIN Subsystem Version=0.8.5 Source=file:/home/conner/.gradle/caches/modules-2/files-2.1/net.fabricmc/sponge-mixin/0.12.4+mixin.0.8.5/e13b4069fe3555969811d4474f78576c707bbe1c/sponge-mixin-0.12.4+mixin.0.8.5.jar Service=Knot/Fabric Env=CLIENT
[21:09:46] [main/INFO] (FabricLoader/Mixin) Loaded Fabric development mappings for mixin remapper!
[21:09:46] [main/INFO] (FabricLoader/Mixin) Compatibility level set to JAVA_16
[21:09:46] [main/INFO] (FabricLoader/Mixin) Compatibility level set to JAVA_17
[21:09:47] [main/INFO] (DevLogin-MSA) Cached token is valid.
[21:09:47] [main/INFO] (DevLogin) Logged in as HappyHippo77 using a Microsoft account.
[21:09:50] [Datafixer Bootstrap/INFO] (Minecraft) 180 Datafixer optimizations took 100 milliseconds
[21:09:52] [Render thread/INFO] (Minecraft) Environment: authHost='https://authserver.mojang.com', accountsHost='https://api.mojang.com', sessionHost='https://sessionserver.mojang.com', servicesHost='https://api.minecraftservices.com', name='PROD'
[21:09:52] [Render thread/INFO] (Minecraft) Setting user: HappyHippo77
[21:09:52] [Render thread/INFO] (Myron) Myron Initialized!
[21:09:53] [Render thread/INFO] (Indigo) [Indigo] Registering Indigo renderer!
[21:09:53] [Render thread/INFO] (Minecraft) Backend library: LWJGL version 3.3.1 SNAPSHOT
[21:09:54] [Render thread/WARN] (Minecraft) ERROR : Couldn't load Narrator library
java.lang.UnsatisfiedLinkError: libflite.so.1: cannot open shared object file: No such file or directory
	at com.sun.jna.Native.open(Native Method) ~[jna-5.12.1.jar:5.12.1 (b0)]
	at com.sun.jna.NativeLibrary.loadLibrary(NativeLibrary.java:283) ~[jna-5.12.1.jar:5.12.1 (b0)]
	at com.sun.jna.NativeLibrary.getInstance(NativeLibrary.java:467) ~[jna-5.12.1.jar:5.12.1 (b0)]
	at com.sun.jna.NativeLibrary.getInstance(NativeLibrary.java:409) ~[jna-5.12.1.jar:5.12.1 (b0)]
	at com.mojang.text2speech.NarratorLinux.<clinit>(NarratorLinux.java:18) ~[text2speech-1.13.9.jar:?]
	at com.mojang.text2speech.Narrator.getNarrator(Narrator.java:21) ~[text2speech-1.13.9.jar:?]
	at net.minecraft.client.util.NarratorManager.<init>(NarratorManager.java:17) ~[minecraft-project-@-merged-named.jar:?]
	at net.minecraft.client.MinecraftClient.<init>(MinecraftClient.java:647) ~[minecraft-project-@-merged-named.jar:?]
	at net.minecraft.client.main.Main.main(Main.java:198) ~[minecraft-project-@-merged-named.jar:?]
	at net.fabricmc.loader.impl.game.minecraft.MinecraftGameProvider.launch(MinecraftGameProvider.java:462) ~[fabric-loader-0.14.18.jar:?]
	at net.fabricmc.loader.impl.launch.knot.Knot.launch(Knot.java:74) ~[fabric-loader-0.14.18.jar:?]
	at net.fabricmc.loader.impl.launch.knot.KnotClient.main(KnotClient.java:23) ~[fabric-loader-0.14.18.jar:?]
	at net.fabricmc.devlaunchinjector.Main.main(Main.java:86) ~[dev-launch-injector-0.2.1+build.8.jar:?]
[21:09:54] [Render thread/INFO] (Minecraft) Reloading ResourceManager: vanilla, Fabric Mods (Fabric Screen Handler API (v1), Fabric Biome API (v1), Fabric Loot API (v2), Fabric Recipe API (v1), Fabric Block API (v1), Fabric Resource Loader (v0), Fabric Client Tags, Fabric API Base, Fabric Entity Events (v1), Fabric Lifecycle Events (v1), Fabric Sound API (v1), Fabric Data Generation API (v1), Fabric Transfer API (v1), Fabric Rendering Fluids (v1), Fabric Crash Report Info (v1), Fabric Item Group API (v1), Fabric Models (v0), Fabric Game Rule API (v1), Fabric Mining Level API (v1), Fabric Renderer API (v1), Fabric API Lookup API (v1), Witchery2, Fabric Events Interaction (v0), Fabric BlockRenderLayer Registration (v1), Fabric Rendering (v1), Fabric Screen API (v1), Fabric Command API (v2), Fabric Particles (v1), Fabric API, Fabric Resource Conditions API (v1), Fabric Dimensions API (v1), Fabric Key Binding API (v1), Fabric Rendering Data Attachment (v1), Fabric Registry Sync (v0), Fabric Convention Tags, Fabric Renderer - Indigo, Fabric Loader, Fabric Networking API (v1), Fabric Game Test API (v1), Fabric Item API (v1), Fabric Content Registries (v0), Fabric Message API (v1), Fabric Object Builder API (v1), Fabric Transitive Access Wideners (v1))
[21:09:57] [Render thread/WARN] (Minecraft) Missing sound for event: minecraft:item.brush.brushing
[21:09:57] [Render thread/WARN] (Minecraft) Missing sound for event: minecraft:item.brush.brush_sand_completed
[21:09:57] [Render thread/WARN] (Minecraft) Missing sound for event: minecraft:item.goat_horn.play
[21:09:57] [Render thread/WARN] (Minecraft) Missing sound for event: minecraft:entity.goat.screaming.horn_break
[21:09:57] [Render thread/WARN] (Minecraft) Missing sound for event: minecraft:music.overworld.cherry_grove
[21:09:57] [Render thread/INFO] (Minecraft) OpenAL initialized on device Razer USB Sound Card Analog Stereo
[21:09:57] [Render thread/INFO] (Minecraft) Sound engine started
[21:09:57] [Render thread/INFO] (Minecraft) Created: 1024x512x4 minecraft:textures/atlas/blocks.png-atlas
[21:09:57] [Render thread/INFO] (Minecraft) Created: 256x256x4 minecraft:textures/atlas/signs.png-atlas
[21:09:57] [Render thread/INFO] (Minecraft) Created: 512x512x4 minecraft:textures/atlas/banner_patterns.png-atlas
[21:09:57] [Render thread/INFO] (Minecraft) Created: 512x512x4 minecraft:textures/atlas/shield_patterns.png-atlas
[21:09:57] [Render thread/INFO] (Minecraft) Created: 1024x1024x4 minecraft:textures/atlas/armor_trims.png-atlas
[21:09:57] [Render thread/INFO] (Minecraft) Created: 256x256x4 minecraft:textures/atlas/chest.png-atlas
[21:09:57] [Render thread/INFO] (Minecraft) Created: 64x64x4 minecraft:textures/atlas/decorated_pot.png-atlas
[21:09:57] [Render thread/INFO] (Minecraft) Created: 512x256x4 minecraft:textures/atlas/beds.png-atlas
[21:09:57] [Render thread/INFO] (Minecraft) Created: 512x256x4 minecraft:textures/atlas/shulker_boxes.png-atlas
[21:09:57] [Render thread/WARN] (Minecraft) Shader rendertype_entity_translucent_emissive could not find sampler named Sampler2 in the specified shader program.
[21:09:57] [Render thread/INFO] (Minecraft) Created: 256x256x0 minecraft:textures/atlas/particles.png-atlas
[21:09:57] [Render thread/INFO] (Minecraft) Created: 256x256x0 minecraft:textures/atlas/paintings.png-atlas
[21:09:57] [Render thread/INFO] (Minecraft) Created: 128x128x0 minecraft:textures/atlas/mob_effects.png-atlas
[21:10:04] [Render thread/ERROR] (Minecraft) Can't ping localhost: Disconnected
[21:10:06] [Render thread/INFO] (Minecraft) Connecting to localhost, 25565
[21:10:08] [Render thread/INFO] (Minecraft) Loaded 51 advancements
[21:10:39] [Render thread/INFO] (Minecraft) Loaded 53 advancements
[21:15:20] [Render thread/INFO] (Minecraft) Stopping!
